Arguments: 
  /Users/will/.nvm/versions/node/v12.13.0/bin/node /usr/local/Cellar/yarn/1.22.10/libexec/bin/yarn.js add react-preloaders2

PATH: 
  /Users/will/.rvm/gems/ruby-2.7.0/bin:/Users/will/.rvm/gems/ruby-2.7.0@global/bin:/Users/will/.rvm/rubies/ruby-2.7.0/bin:/Users/will/.rvm/bin:/Users/will/.nvm/versions/node/v12.13.0/bin:/Users/will/bin:/usr/local/bin:/usr/local/bin:/usr/bin:/bin:/usr/sbin:/sbin:/Applications/VMware Fusion.app/Contents/Public:/usr/local/share/dotnet:~/.dotnet/tools:/Library/Apple/usr/bin:/Library/Frameworks/Mono.framework/Versions/Current/Commands:/Applications/Xamarin Workbooks.app/Contents/SharedSupport/path-bin:/Users/will/.nvm/versions/node/v12.13.0/bin:/Users/will/bin:/Users/will/Library/Android/sdk/emulator:/Users/will/Library/Android/sdk/tools:/Users/will/Library/Android/sdk/tools/bin:/Users/will/Library/Android/sdk/platform-tools:/Users/will/Library/Android/sdk/emulator:/Users/will/Library/Android/sdk/tools:/Users/will/Library/Android/sdk/tools/bin:/Users/will/Library/Android/sdk/platform-tools

Yarn version: 
  1.22.10

Node version: 
  12.13.0

Platform: 
  darwin x64

Trace: 
  Error: https://registry.yarnpkg.com/date-fns/-/date-fns-2.23.0.tgz: ESOCKETTIMEDOUT
      at ClientRequest.<anonymous> (/usr/local/Cellar/yarn/1.22.10/libexec/lib/cli.js:141376:19)
      at Object.onceWrapper (events.js:299:28)
      at ClientRequest.emit (events.js:210:5)
      at TLSSocket.emitRequestTimeout (_http_client.js:690:9)
      at Object.onceWrapper (events.js:299:28)
      at TLSSocket.emit (events.js:210:5)
      at TLSSocket.Socket._onTimeout (net.js:468:8)
      at listOnTimeout (internal/timers.js:531:17)
      at processTimers (internal/timers.js:475:7)

npm manifest: 
  {
    "name": "wv-portfolio",
    "version": "1.0.0",
    "private": true,
    "description": "wv-portfolio",
    "author": "Will de la Vega",
    "keywords": [
      "gatsby"
    ],
    "scripts": {
      "develop": "gatsby develop",
      "start": "gatsby develop",
      "build": "gatsby build",
      "serve": "gatsby serve",
      "clean": "gatsby clean"
    },
    "dependencies": {
      "@react-three/cannon": "^2.5.1",
      "@react-three/drei": "^7.3.1",
      "@react-three/fiber": "^7.0.6",
      "gatsby": "^3.10.2",
      "gatsby-plugin-sass": "^4.10.0",
      "gsap": "^3.7.1",
      "react": "^17.0.1",
      "react-dat-gui": "^4.1.1",
      "react-dom": "^17.0.1",
      "react-gsap": "^3.2.1",
      "react-joystick": "^1.0.3",
      "sass": "^1.37.0",
      "three": "^0.130.1",
      "zustand": "^3.5.8"
    }
  }

yarn manifest: 
  No manifest

Lockfile: 
  No lockfile
